mktextfm Gentium
mktextfm Gentium
mktextfm Gentium
mktextfm Gentium/BI
mktextfm Gentium
mktextfm Gentium/B
mktextfm Gentium
mktextfm Gentium/I
mktextfm Gentium
mktextfm Gentium
mktextfm Gentium
mktextfm Gentium
mktextfm Gentium
mktextfm Gentium
mktextfm Gentium
mktextfm Gentium
mktextfm Gentium
mktextfm Gentium
mktextfm Gentium
mktextfm Gentium
mktextfm Gentium
mktextfm Gentium
mktextfm Gentium
mktextfm Gentium
mktextfm Gentium/BI
mktextfm Gentium
mktextfm Gentium/B
mktextfm Gentium
mktextfm Gentium/I
mktextfm Gentium
mktextfm Gentium
mktextfm Gentium
mktextfm Gentium
mktextfm Gentium
mktextfm Gentium
mktextfm Gentium
mktextfm Gentium
mktextfm Gentium
mktextfm Gentium
mktextfm Gentium
mktextfm Gentium
mktextfm Gentium
mktextfm Gentium
mktextfm Gentium
mktextfm Gentium
mktextfm Gentium/BI
mktextfm Gentium
mktextfm Gentium/B
mktextfm Gentium
mktextfm Gentium/I
mktextfm Gentium
mktextfm Gentium
mktextfm Gentium
mktextfm Gentium
mktextfm Gentium
mktextfm Gentium
mktextfm Gentium
mktextfm Gentium
mktextfm Gentium
mktextfm Gentium
mktextfm Gentium
mktextfm Gentium
mktextfm Gentium
mktextfm Gentium
mktextfm Gentium
mktextfm Gentium
mktextfm Gentium/BI
mktextfm Gentium
mktextfm Gentium/B
mktextfm Gentium
mktextfm Gentium/I
mktextfm Gentium
mktextfm Gentium
mktextfm Gentium
mktextfm Gentium
mktextfm Gentium
mktextfm Gentium
mktextfm Gentium/BI
mktextfm Gentium
mktextfm Gentium/B
mktextfm Gentium
mktextfm Gentium/I
mktextfm Gentium
mktextfm Gentium
mktextfm Gentium
mktextfm Fira
mktextfm Fira
mktextfm Fira
mktextfm Fira/I
mktextfm Fira
mktextfm Fira
mktextfm STFangSong/OT
mktextfm STFangSong/OT
mktextfm STFangSong/OT
mktextfm STFangSong/BI/OT
mktextfm STFangSong/OT
mktextfm STFangSong/B/OT
mktextfm STFangSong/OT
mktextfm STFangSong/I/OT
mktextfm STFangSong/OT
mktextfm STFangSong/OT
mktextfm STFangSong/OT
mktextfm STKai/OT
mktextfm STKai/B/OT
mktextfm STHei/OT
mktextfm STHei/I/OT
mktextfm STHei/OT
mktextfm STHei/OT
mktextfm STKai/OT
mktextfm STKai/OT
mktextfm STKai/OT
mktextfm STKai/OT
mktextfm STKai/B/OT
mktextfm STHei/OT
mktextfm STHei/I/OT
mktextfm STHei/OT
mktextfm STHei/OT
mktextfm STKai/OT
mktextfm STKai/OT
mktextfm STKai/OT
mktextfm STKai/OT
mktextfm STKai/B/OT
mktextfm STKai/OT
mktextfm STKai/OT
mktextfm STKai/OT
